<?xml version="1.0" encoding="UTF-8" ?>
<testsuite tests="13" failures="0" name="AlgorithmsTest" time="0.3" errors="0" skipped="0">
  <properties>
[...]
</properties>
  <testcase classname="AlgorithmsTest" name="AlgorithmsTest.testQuickSortMaxElementFirst" time="0.024"/>
  <testcase classname="AlgorithmsTest" name="AlgorithmsTest.testQuickSortMinElementLast" time="0"/>
  <testcase classname="AlgorithmsTest" name="AlgorithmsTest.testQuickSortDescendingArray" time="0"/>
  <testcase classname="AlgorithmsTest" name="AlgorithmsTest.testQuickSortMixedDuplicatesAndNegatives" time="0"/>
  <testcase classname="AlgorithmsTest" name="AlgorithmsTest.testQuickSortLargeArray" time="0.265"/>
  <testcase classname="AlgorithmsTest" name="AlgorithmsTest.testQuickSortSingleElement" time="0"/>
  <testcase classname="AlgorithmsTest" name="AlgorithmsTest.testQuickSortTwoElements" time="0"/>
  <testcase classname="AlgorithmsTest" name="AlgorithmsTest.testQuickSortNullArray" time="0.009"/>
  <testcase classname="AlgorithmsTest" name="AlgorithmsTest.testQuickSortEmptyArray" time="0"/>
  <testcase classname="AlgorithmsTest" name="AlgorithmsTest.testQuickSortAlreadySorted" time="0"/>
  <testcase classname="AlgorithmsTest" name="AlgorithmsTest.testAlgorithmsConstructor" time="0.002"/>
  <testcase classname="AlgorithmsTest" name="AlgorithmsTest.testQuickSortUnsortedArray" time="0"/>
  <testcase classname="AlgorithmsTest" name="AlgorithmsTest.testQuickSortSameElements" time="0"/>
</testsuite>